<?xml version="1.0" encoding="UTF-8"?>
<testsuite xmlns:xsi="http://www.w3.org/2001/XMLSchema-instance" xsi:noNamespaceSchemaLocation="https://maven.apache.org/surefire/maven-surefire-plugin/xsd/surefire-test-report.xsd" name="com.diamond.kata.DiamondKataTest" time="0.112" tests="5" errors="0" skipped="0" failures="0">
  <properties>
[...]
</properties>
  <testcase name="shouldbeA" classname="com.diamond.kata.DiamondKataTest" time="0.02"/>
  <testcase name="shouldbeABCD" classname="com.diamond.kata.DiamondKataTest" time="0.001"/>
  <testcase name="shouldbeABCDEF" classname="com.diamond.kata.DiamondKataTest" time="0.002"/>
  <testcase name="shouldbeABC" classname="com.diamond.kata.DiamondKataTest" time="0"/>
  <testcase name="shouldbeAB" classname="com.diamond.kata.DiamondKataTest" time="0"/>
</testsuite>